<?xml version="1.0" encoding="UTF-8"?>
<testng-results ignored="1" total="3" passed="2" failed="0" skipped="0">
  <reporter-output>
  </reporter-output>
  <suite started-at="2022-10-14T01:40:18 IST" name="Suite" finished-at="2022-10-14T01:41:09 IST" duration-ms="50476">
    <groups>
      <group name="regression">
        <method signature="VerifyLogin.loginTest()[pri:0, instance:framework.tests.VerifyLogin@9353778]" name="loginTest" class="framework.tests.VerifyLogin"/>
        <method signature="VerifyProfilePage.profilePageTest()[pri:0, instance:framework.tests.VerifyProfilePage@6a28ffa4]" name="profilePageTest" class="framework.tests.VerifyProfilePage"/>
      </group> <!-- regression -->
      <group name="sanity">
        <method signature="VerifyLogin.loginTest()[pri:0, instance:framework.tests.VerifyLogin@9353778]" name="loginTest" class="framework.tests.VerifyLogin"/>
        <method signature="VerifyProfilePage.profilePageTest()[pri:0, instance:framework.tests.VerifyProfilePage@6a28ffa4]" name="profilePageTest" class="framework.tests.VerifyProfilePage"/>
      </group> <!-- sanity -->
    </groups>
    <test started-at="2022-10-14T01:40:18 IST" name="Test" finished-at="2022-10-14T01:41:09 IST" duration-ms="50476">
      <class name="framework.tests.VerifyProfilePage">
        <test-method is-config="true" signature="launchApplication()[pri:0, instance:framework.tests.VerifyProfilePage@6a28ffa4]" started-at="2022-10-14T01:40:51 IST" name="launchApplication" finished-at="2022-10-14T01:40:56 IST" duration-ms="5236" status="PASS">
          <reporter-output>
          </reporter-output>
        </test-method> <!-- launchApplication -->
        <test-method signature="profilePageTest()[pri:0, instance:framework.tests.VerifyProfilePage@6a28ffa4]" started-at="2022-10-14T01:40:56 IST" name="profilePageTest" finished-at="2022-10-14T01:41:08 IST" depends-on-methods="framework.tests.VerifyLogin.loginTest" duration-ms="12612" status="PASS">
          <reporter-output>
          </reporter-output>
        </test-method> <!-- profilePageTest -->
        <test-method is-config="true" signature="teardown()[pri:0, instance:framework.tests.VerifyProfilePage@6a28ffa4]" started-at="2022-10-14T01:41:08 IST" name="teardown" finished-at="2022-10-14T01:41:09 IST" duration-ms="145" status="PASS">
          <reporter-output>
          </reporter-output>
        </test-method> <!-- teardown -->
      </class> <!-- framework.tests.VerifyProfilePage -->
      <class name="framework.tests.VerifyLogin">
        <test-method is-config="true" signature="launchApplication()[pri:0, instance:framework.tests.VerifyLogin@9353778]" started-at="2022-10-14T01:40:18 IST" name="launchApplication" finished-at="2022-10-14T01:40:34 IST" duration-ms="15408" status="PASS">
          <reporter-output>
          </reporter-output>
        </test-method> <!-- launchApplication -->
        <test-method signature="loginTest()[pri:0, instance:framework.tests.VerifyLogin@9353778]" started-at="2022-10-14T01:40:34 IST" name="loginTest" finished-at="2022-10-14T01:40:50 IST" duration-ms="16802" status="PASS">
          <reporter-output>
          </reporter-output>
        </test-method> <!-- loginTest -->
        <test-method is-config="true" signature="teardown()[pri:0, instance:framework.tests.VerifyLogin@9353778]" started-at="2022-10-14T01:40:50 IST" name="teardown" finished-at="2022-10-14T01:40:51 IST" duration-ms="187" status="PASS">
          <reporter-output>
          </reporter-output>
        </test-method> <!-- teardown -->
      </class> <!-- framework.tests.VerifyLogin -->
    </test> <!-- Test -->
  </suite> <!-- Suite -->
</testng-results>
