<?xml version="1.0" encoding="UTF-8"?>
<!-- Generated by org.testng.reporters.JUnitXMLReporter -->
<testsuite ignored="1" hostname="Acer-Swift3" failures="0" tests="2" name="Test" time="50.476" errors="0" timestamp="2022-10-14T01:41:09 IST">
  <testcase classname="framework.tests.VerifyLogin" name="loginTest" time="16.802"/>
  <testcase classname="framework.tests.VerifyProfilePage" name="profilePageTest" time="12.612"/>
  <testcase classname="framework.tests.VerifyAddtoCart" name="loginaddToCartTest" time="0.0">
    <ignored/>
  </testcase> <!-- loginaddToCartTest -->
</testsuite> <!-- Test -->
